<?xml version="1.0" encoding="UTF-8"?>
<testsuite name="org.demo.NumberTest" tests="1" skipped="0" failures="0" errors="0" timestamp="2023-02-21T14:38:27" hostname="HOPC555444" time="0.014">
  <properties/>
  <testcase name="test_for_odd_numbers()" classname="org.demo.NumberTest" time="0.014"/>
  <system-out><![CDATA[]]></system-out>
  <system-err><![CDATA[]]></system-err>
</testsuite>
