<?xml version="1.0" encoding="UTF-8"?>
<testsuite name="org.demo.M3OrderWarehouseTest" tests="1" skipped="0" failures="0" errors="0" timestamp="2023-02-27T16:04:39" hostname="HOPC555444" time="0.017">
  <properties/>
  <testcase name="testing_in_stock()" classname="org.demo.M3OrderWarehouseTest" time="0.017"/>
  <system-out><![CDATA[]]></system-out>
  <system-err><![CDATA[]]></system-err>
</testsuite>
