<?xml version="1.0" encoding="UTF-8"?>
<testsuite name="org.demo.TicTacToeTest" tests="1" skipped="0" failures="0" errors="0" timestamp="2023-02-27T09:16:53" hostname="HOPC555444" time="0.001">
  <properties/>
  <testcase name="allRowElementsAreSame()" classname="org.demo.TicTacToeTest" time="0.001"/>
  <system-out><![CDATA[]]></system-out>
  <system-err><![CDATA[]]></system-err>
</testsuite>
